2013-11-12 16:53:22,610 [http-bio-8080-exec-10] ERROR StackTrace  - Full Stack Trace:
org.codehaus.groovy.control.MultipleCompilationErrorsException: startup failed:
/Users/admin/Sites/manager/grails-app/controllers/AuthController.groovy: 5: unable to resolve class org.apache.shiro.web.util.WebUtils
 @ line 5, column 1.
   import org.apache.shiro.web.util.WebUtils
   ^

/Users/admin/Sites/manager/grails-app/controllers/AuthController.groovy: 3: unable to resolve class org.apache.shiro.authc.UsernamePasswordToken
 @ line 3, column 1.
   import org.apache.shiro.authc.UsernamePasswordToken
   ^

/Users/admin/Sites/manager/grails-app/controllers/AuthController.groovy: 2: unable to resolve class org.apache.shiro.authc.AuthenticationException
 @ line 2, column 1.
   import org.apache.shiro.authc.AuthenticationException
   ^

/Users/admin/Sites/manager/grails-app/controllers/AuthController.groovy: 1: unable to resolve class org.apache.shiro.SecurityUtils
 @ line 1, column 1.
   import org.apache.shiro.SecurityUtils
   ^

/Users/admin/Sites/manager/grails-app/controllers/AuthController.groovy: 4: unable to resolve class org.apache.shiro.web.util.SavedRequest
 @ line 4, column 1.
   import org.apache.shiro.web.util.SavedRequest
   ^

5 errors

	at org.codehaus.groovy.control.ErrorCollector.failIfErrors(ErrorCollector.java:309)
	at org.codehaus.groovy.control.CompilationUnit.applyToSourceUnits(CompilationUnit.java:918)
	at org.codehaus.groovy.control.CompilationUnit.doPhaseOperation(CompilationUnit.java:566)
	at org.codehaus.groovy.control.CompilationUnit.compile(CompilationUnit.java:515)
	at org.codehaus.groovy.control.CompilationUnit.compile(CompilationUnit.java:498)
	at org.codehaus.groovy.tools.FileSystemCompiler.compile(FileSystemCompiler.java:55)
	at org.codehaus.groovy.tools.FileSystemCompiler.doCompilation(FileSystemCompiler.java:210)
	at org.codehaus.groovy.ant.Groovyc.runCompiler(Groovyc.java:1078)
	at org.codehaus.groovy.ant.Groovyc.compile(Groovyc.java:1129)
	at org.codehaus.groovy.grails.compiler.Grailsc.compile(Grailsc.java:79)
	at org.codehaus.groovy.ant.Groovyc.execute(Groovyc.java:748)
	at org.apache.tools.ant.UnknownElement.execute(UnknownElement.java:291)
	at sun.reflect.GeneratedMethodAccessor72.invoke(Unknown Source)
	at sun.reflect.DelegatingMethodAccessorImpl.invoke(DelegatingMethodAccessorImpl.java:25)
	at java.lang.reflect.Method.invoke(Method.java:597)
	at org.springsource.loaded.ri.ReflectiveInterceptor.jlrMethodInvoke(ReflectiveInterceptor.java:1265)
	at org.apache.tools.ant.dispatch.DispatchUtils.execute(DispatchUtils.java:106)
	at groovy.util.AntBuilder.performTask(AntBuilder.java:260)
	at groovy.util.AntBuilder.nodeCompleted(AntBuilder.java:220)
	at groovy.util.BuilderSupport.doInvokeMethod(BuilderSupport.java:147)
	at groovy.util.AntBuilder.doInvokeMethod(AntBuilder.java:170)
	at groovy.util.BuilderSupport.invokeMethod(BuilderSupport.java:64)
	at org.codehaus.gant.GantBuilder.invokeMethod(GantBuilder.java:99)
	at org.codehaus.groovy.runtime.callsite.PogoMetaClassSite.call(PogoMetaClassSite.java:45)
	at org.codehaus.groovy.runtime.callsite.AbstractCallSite.call(AbstractCallSite.java:120)
	at org.codehaus.groovy.grails.compiler.GrailsProjectCompiler.compile(GrailsProjectCompiler.groovy:268)
	at org.codehaus.groovy.grails.compiler.GrailsProjectCompiler$compile$0.callCurrent(Unknown Source)
	at org.codehaus.groovy.grails.compiler.GrailsProjectCompiler.compile(GrailsProjectCompiler.groovy:238)
	at org.codehaus.groovy.grails.compiler.GrailsProjectCompiler.compileAll(GrailsProjectCompiler.groovy:230)
	at org.codehaus.groovy.grails.compiler.GrailsProjectWatcher.compileIfSource(GrailsProjectWatcher.java:273)
	at org.codehaus.groovy.grails.compiler.GrailsProjectWatcher.access$300(GrailsProjectWatcher.java:46)
	at org.codehaus.groovy.grails.compiler.GrailsProjectWatcher$1.onNew(GrailsProjectWatcher.java:168)
	at org.codehaus.groovy.grails.compiler.DirectoryWatcher.cacheFilesForDirectory(DirectoryWatcher.java:211)
	at org.codehaus.groovy.grails.compiler.DirectoryWatcher.checkForNewFiles(DirectoryWatcher.java:188)
	at org.codehaus.groovy.grails.compiler.DirectoryWatcher.run(DirectoryWatcher.java:164)
	at org.codehaus.groovy.grails.compiler.GrailsProjectWatcher.run(GrailsProjectWatcher.java:178)
2013-11-12 16:53:22,615 [http-bio-8080-exec-10] ERROR StackTrace  - Full Stack Trace:
org.codehaus.groovy.control.MultipleCompilationErrorsException: startup failed:
/Users/admin/Sites/manager/grails-app/controllers/AuthController.groovy: 5: unable to resolve class org.apache.shiro.web.util.WebUtils
 @ line 5, column 1.
   import org.apache.shiro.web.util.WebUtils
   ^

/Users/admin/Sites/manager/grails-app/controllers/AuthController.groovy: 3: unable to resolve class org.apache.shiro.authc.UsernamePasswordToken
 @ line 3, column 1.
   import org.apache.shiro.authc.UsernamePasswordToken
   ^

/Users/admin/Sites/manager/grails-app/controllers/AuthController.groovy: 2: unable to resolve class org.apache.shiro.authc.AuthenticationException
 @ line 2, column 1.
   import org.apache.shiro.authc.AuthenticationException
   ^

/Users/admin/Sites/manager/grails-app/controllers/AuthController.groovy: 1: unable to resolve class org.apache.shiro.SecurityUtils
 @ line 1, column 1.
   import org.apache.shiro.SecurityUtils
   ^

/Users/admin/Sites/manager/grails-app/controllers/AuthController.groovy: 4: unable to resolve class org.apache.shiro.web.util.SavedRequest
 @ line 4, column 1.
   import org.apache.shiro.web.util.SavedRequest
   ^

5 errors

	at org.codehaus.groovy.control.ErrorCollector.failIfErrors(ErrorCollector.java:309)
	at org.codehaus.groovy.control.CompilationUnit.applyToSourceUnits(CompilationUnit.java:918)
	at org.codehaus.groovy.control.CompilationUnit.doPhaseOperation(CompilationUnit.java:566)
	at org.codehaus.groovy.control.CompilationUnit.compile(CompilationUnit.java:515)
	at org.codehaus.groovy.control.CompilationUnit.compile(CompilationUnit.java:498)
	at org.codehaus.groovy.tools.FileSystemCompiler.compile(FileSystemCompiler.java:55)
	at org.codehaus.groovy.tools.FileSystemCompiler.doCompilation(FileSystemCompiler.java:210)
	at org.codehaus.groovy.ant.Groovyc.runCompiler(Groovyc.java:1078)
	at org.codehaus.groovy.ant.Groovyc.compile(Groovyc.java:1129)
	at org.codehaus.groovy.ant.Groovyc.execute(Groovyc.java:748)
	at org.apache.tools.ant.UnknownElement.execute(UnknownElement.java:291)
	at org.apache.tools.ant.dispatch.DispatchUtils.execute(DispatchUtils.java:106)
2013-11-12 16:53:22,662 [http-bio-8080-exec-10] ERROR StackTrace  - Full Stack Trace:
org.codehaus.groovy.control.MultipleCompilationErrorsException: startup failed:
/Users/admin/Sites/manager/grails-app/controllers/AuthController.groovy: 5: unable to resolve class org.apache.shiro.web.util.WebUtils
 @ line 5, column 1.
   import org.apache.shiro.web.util.WebUtils
   ^

/Users/admin/Sites/manager/grails-app/controllers/AuthController.groovy: 3: unable to resolve class org.apache.shiro.authc.UsernamePasswordToken
 @ line 3, column 1.
   import org.apache.shiro.authc.UsernamePasswordToken
   ^

/Users/admin/Sites/manager/grails-app/controllers/AuthController.groovy: 2: unable to resolve class org.apache.shiro.authc.AuthenticationException
 @ line 2, column 1.
   import org.apache.shiro.authc.AuthenticationException
   ^

/Users/admin/Sites/manager/grails-app/controllers/AuthController.groovy: 1: unable to resolve class org.apache.shiro.SecurityUtils
 @ line 1, column 1.
   import org.apache.shiro.SecurityUtils
   ^

/Users/admin/Sites/manager/grails-app/controllers/AuthController.groovy: 4: unable to resolve class org.apache.shiro.web.util.SavedRequest
 @ line 4, column 1.
   import org.apache.shiro.web.util.SavedRequest
   ^

5 errors

	at org.codehaus.groovy.control.ErrorCollector.failIfErrors(ErrorCollector.java:309)
	at org.codehaus.groovy.control.CompilationUnit.applyToSourceUnits(CompilationUnit.java:918)
	at org.codehaus.groovy.control.CompilationUnit.doPhaseOperation(CompilationUnit.java:566)
	at org.codehaus.groovy.control.CompilationUnit.compile(CompilationUnit.java:515)
	at org.codehaus.groovy.control.CompilationUnit.compile(CompilationUnit.java:498)
	at org.codehaus.groovy.tools.FileSystemCompiler.compile(FileSystemCompiler.java:55)
	at org.codehaus.groovy.tools.FileSystemCompiler.doCompilation(FileSystemCompiler.java:210)
	at org.codehaus.groovy.ant.Groovyc.runCompiler(Groovyc.java:1078)
	at org.codehaus.groovy.ant.Groovyc.compile(Groovyc.java:1129)
	at org.codehaus.groovy.ant.Groovyc.execute(Groovyc.java:748)
	at org.apache.tools.ant.UnknownElement.execute(UnknownElement.java:291)
	at org.apache.tools.ant.dispatch.DispatchUtils.execute(DispatchUtils.java:106)
2013-11-12 16:53:22,663 [http-bio-8080-exec-10] ERROR StackTrace  - Full Stack Trace:
org.codehaus.groovy.control.MultipleCompilationErrorsException: startup failed:
/Users/admin/Sites/manager/grails-app/controllers/AuthController.groovy: 5: unable to resolve class org.apache.shiro.web.util.WebUtils
 @ line 5, column 1.
   import org.apache.shiro.web.util.WebUtils
   ^

/Users/admin/Sites/manager/grails-app/controllers/AuthController.groovy: 3: unable to resolve class org.apache.shiro.authc.UsernamePasswordToken
 @ line 3, column 1.
   import org.apache.shiro.authc.UsernamePasswordToken
   ^

/Users/admin/Sites/manager/grails-app/controllers/AuthController.groovy: 2: unable to resolve class org.apache.shiro.authc.AuthenticationException
 @ line 2, column 1.
   import org.apache.shiro.authc.AuthenticationException
   ^

/Users/admin/Sites/manager/grails-app/controllers/AuthController.groovy: 1: unable to resolve class org.apache.shiro.SecurityUtils
 @ line 1, column 1.
   import org.apache.shiro.SecurityUtils
   ^

/Users/admin/Sites/manager/grails-app/controllers/AuthController.groovy: 4: unable to resolve class org.apache.shiro.web.util.SavedRequest
 @ line 4, column 1.
   import org.apache.shiro.web.util.SavedRequest
   ^

5 errors

	at org.codehaus.groovy.control.ErrorCollector.failIfErrors(ErrorCollector.java:309)
	at org.codehaus.groovy.control.CompilationUnit.applyToSourceUnits(CompilationUnit.java:918)
	at org.codehaus.groovy.control.CompilationUnit.doPhaseOperation(CompilationUnit.java:566)
	at org.codehaus.groovy.control.CompilationUnit.compile(CompilationUnit.java:515)
	at org.codehaus.groovy.control.CompilationUnit.compile(CompilationUnit.java:498)
	at org.codehaus.groovy.tools.FileSystemCompiler.compile(FileSystemCompiler.java:55)
	at org.codehaus.groovy.tools.FileSystemCompiler.doCompilation(FileSystemCompiler.java:210)
	at org.codehaus.groovy.ant.Groovyc.runCompiler(Groovyc.java:1078)
	at org.codehaus.groovy.ant.Groovyc.compile(Groovyc.java:1129)
	at org.codehaus.groovy.ant.Groovyc.execute(Groovyc.java:748)
	at org.apache.tools.ant.UnknownElement.execute(UnknownElement.java:291)
	at org.apache.tools.ant.dispatch.DispatchUtils.execute(DispatchUtils.java:106)
2013-11-12 16:53:31,477 [http-bio-8080-exec-1] ERROR StackTrace  - Full Stack Trace:
org.codehaus.groovy.control.MultipleCompilationErrorsException: startup failed:
/Users/admin/Sites/manager/grails-app/controllers/AuthController.groovy: 5: unable to resolve class org.apache.shiro.web.util.WebUtils
 @ line 5, column 1.
   import org.apache.shiro.web.util.WebUtils
   ^

/Users/admin/Sites/manager/grails-app/controllers/AuthController.groovy: 3: unable to resolve class org.apache.shiro.authc.UsernamePasswordToken
 @ line 3, column 1.
   import org.apache.shiro.authc.UsernamePasswordToken
   ^

/Users/admin/Sites/manager/grails-app/controllers/AuthController.groovy: 2: unable to resolve class org.apache.shiro.authc.AuthenticationException
 @ line 2, column 1.
   import org.apache.shiro.authc.AuthenticationException
   ^

/Users/admin/Sites/manager/grails-app/controllers/AuthController.groovy: 1: unable to resolve class org.apache.shiro.SecurityUtils
 @ line 1, column 1.
   import org.apache.shiro.SecurityUtils
   ^

/Users/admin/Sites/manager/grails-app/controllers/AuthController.groovy: 4: unable to resolve class org.apache.shiro.web.util.SavedRequest
 @ line 4, column 1.
   import org.apache.shiro.web.util.SavedRequest
   ^

5 errors

	at org.codehaus.groovy.control.ErrorCollector.failIfErrors(ErrorCollector.java:309)
	at org.codehaus.groovy.control.CompilationUnit.applyToSourceUnits(CompilationUnit.java:918)
	at org.codehaus.groovy.control.CompilationUnit.doPhaseOperation(CompilationUnit.java:566)
	at org.codehaus.groovy.control.CompilationUnit.compile(CompilationUnit.java:515)
	at org.codehaus.groovy.control.CompilationUnit.compile(CompilationUnit.java:498)
	at org.codehaus.groovy.tools.FileSystemCompiler.compile(FileSystemCompiler.java:55)
	at org.codehaus.groovy.tools.FileSystemCompiler.doCompilation(FileSystemCompiler.java:210)
	at org.codehaus.groovy.ant.Groovyc.runCompiler(Groovyc.java:1078)
	at org.codehaus.groovy.ant.Groovyc.compile(Groovyc.java:1129)
	at org.codehaus.groovy.grails.compiler.Grailsc.compile(Grailsc.java:79)
	at org.codehaus.groovy.ant.Groovyc.execute(Groovyc.java:748)
	at org.apache.tools.ant.UnknownElement.execute(UnknownElement.java:291)
	at sun.reflect.GeneratedMethodAccessor72.invoke(Unknown Source)
	at sun.reflect.DelegatingMethodAccessorImpl.invoke(DelegatingMethodAccessorImpl.java:25)
	at java.lang.reflect.Method.invoke(Method.java:597)
	at org.springsource.loaded.ri.ReflectiveInterceptor.jlrMethodInvoke(ReflectiveInterceptor.java:1265)
	at org.apache.tools.ant.dispatch.DispatchUtils.execute(DispatchUtils.java:106)
	at groovy.util.AntBuilder.performTask(AntBuilder.java:260)
	at groovy.util.AntBuilder.nodeCompleted(AntBuilder.java:220)
	at groovy.util.BuilderSupport.doInvokeMethod(BuilderSupport.java:147)
	at groovy.util.AntBuilder.doInvokeMethod(AntBuilder.java:170)
	at groovy.util.BuilderSupport.invokeMethod(BuilderSupport.java:64)
	at org.codehaus.gant.GantBuilder.invokeMethod(GantBuilder.java:99)
	at org.codehaus.groovy.runtime.callsite.PogoMetaClassSite.call(PogoMetaClassSite.java:45)
	at org.codehaus.groovy.runtime.callsite.AbstractCallSite.call(AbstractCallSite.java:120)
	at org.codehaus.groovy.grails.compiler.GrailsProjectCompiler.compile(GrailsProjectCompiler.groovy:268)
	at org.codehaus.groovy.grails.compiler.GrailsProjectCompiler$compile$0.callCurrent(Unknown Source)
	at org.codehaus.groovy.grails.compiler.GrailsProjectCompiler.compile(GrailsProjectCompiler.groovy:238)
	at org.codehaus.groovy.grails.compiler.GrailsProjectCompiler.compileAll(GrailsProjectCompiler.groovy:230)
	at org.codehaus.groovy.grails.compiler.GrailsProjectWatcher.compileIfSource(GrailsProjectWatcher.java:273)
	at org.codehaus.groovy.grails.compiler.GrailsProjectWatcher.access$300(GrailsProjectWatcher.java:46)
	at org.codehaus.groovy.grails.compiler.GrailsProjectWatcher$1.onNew(GrailsProjectWatcher.java:168)
	at org.codehaus.groovy.grails.compiler.DirectoryWatcher.cacheFilesForDirectory(DirectoryWatcher.java:211)
	at org.codehaus.groovy.grails.compiler.DirectoryWatcher.checkForNewFiles(DirectoryWatcher.java:188)
	at org.codehaus.groovy.grails.compiler.DirectoryWatcher.run(DirectoryWatcher.java:164)
	at org.codehaus.groovy.grails.compiler.GrailsProjectWatcher.run(GrailsProjectWatcher.java:178)
2013-11-12 16:53:31,477 [http-bio-8080-exec-1] ERROR StackTrace  - Full Stack Trace:
org.codehaus.groovy.control.MultipleCompilationErrorsException: startup failed:
/Users/admin/Sites/manager/grails-app/controllers/AuthController.groovy: 5: unable to resolve class org.apache.shiro.web.util.WebUtils
 @ line 5, column 1.
   import org.apache.shiro.web.util.WebUtils
   ^

/Users/admin/Sites/manager/grails-app/controllers/AuthController.groovy: 3: unable to resolve class org.apache.shiro.authc.UsernamePasswordToken
 @ line 3, column 1.
   import org.apache.shiro.authc.UsernamePasswordToken
   ^

/Users/admin/Sites/manager/grails-app/controllers/AuthController.groovy: 2: unable to resolve class org.apache.shiro.authc.AuthenticationException
 @ line 2, column 1.
   import org.apache.shiro.authc.AuthenticationException
   ^

/Users/admin/Sites/manager/grails-app/controllers/AuthController.groovy: 1: unable to resolve class org.apache.shiro.SecurityUtils
 @ line 1, column 1.
   import org.apache.shiro.SecurityUtils
   ^

/Users/admin/Sites/manager/grails-app/controllers/AuthController.groovy: 4: unable to resolve class org.apache.shiro.web.util.SavedRequest
 @ line 4, column 1.
   import org.apache.shiro.web.util.SavedRequest
   ^

5 errors

	at org.codehaus.groovy.control.ErrorCollector.failIfErrors(ErrorCollector.java:309)
	at org.codehaus.groovy.control.CompilationUnit.applyToSourceUnits(CompilationUnit.java:918)
	at org.codehaus.groovy.control.CompilationUnit.doPhaseOperation(CompilationUnit.java:566)
	at org.codehaus.groovy.control.CompilationUnit.compile(CompilationUnit.java:515)
	at org.codehaus.groovy.control.CompilationUnit.compile(CompilationUnit.java:498)
	at org.codehaus.groovy.tools.FileSystemCompiler.compile(FileSystemCompiler.java:55)
	at org.codehaus.groovy.tools.FileSystemCompiler.doCompilation(FileSystemCompiler.java:210)
	at org.codehaus.groovy.ant.Groovyc.runCompiler(Groovyc.java:1078)
	at org.codehaus.groovy.ant.Groovyc.compile(Groovyc.java:1129)
	at org.codehaus.groovy.ant.Groovyc.execute(Groovyc.java:748)
	at org.apache.tools.ant.UnknownElement.execute(UnknownElement.java:291)
	at org.apache.tools.ant.dispatch.DispatchUtils.execute(DispatchUtils.java:106)
2013-11-12 16:53:31,481 [http-bio-8080-exec-1] ERROR StackTrace  - Full Stack Trace:
org.codehaus.groovy.control.MultipleCompilationErrorsException: startup failed:
/Users/admin/Sites/manager/grails-app/controllers/AuthController.groovy: 5: unable to resolve class org.apache.shiro.web.util.WebUtils
 @ line 5, column 1.
   import org.apache.shiro.web.util.WebUtils
   ^

/Users/admin/Sites/manager/grails-app/controllers/AuthController.groovy: 3: unable to resolve class org.apache.shiro.authc.UsernamePasswordToken
 @ line 3, column 1.
   import org.apache.shiro.authc.UsernamePasswordToken
   ^

/Users/admin/Sites/manager/grails-app/controllers/AuthController.groovy: 2: unable to resolve class org.apache.shiro.authc.AuthenticationException
 @ line 2, column 1.
   import org.apache.shiro.authc.AuthenticationException
   ^

/Users/admin/Sites/manager/grails-app/controllers/AuthController.groovy: 1: unable to resolve class org.apache.shiro.SecurityUtils
 @ line 1, column 1.
   import org.apache.shiro.SecurityUtils
   ^

/Users/admin/Sites/manager/grails-app/controllers/AuthController.groovy: 4: unable to resolve class org.apache.shiro.web.util.SavedRequest
 @ line 4, column 1.
   import org.apache.shiro.web.util.SavedRequest
   ^

5 errors

	at org.codehaus.groovy.control.ErrorCollector.failIfErrors(ErrorCollector.java:309)
	at org.codehaus.groovy.control.CompilationUnit.applyToSourceUnits(CompilationUnit.java:918)
	at org.codehaus.groovy.control.CompilationUnit.doPhaseOperation(CompilationUnit.java:566)
	at org.codehaus.groovy.control.CompilationUnit.compile(CompilationUnit.java:515)
	at org.codehaus.groovy.control.CompilationUnit.compile(CompilationUnit.java:498)
	at org.codehaus.groovy.tools.FileSystemCompiler.compile(FileSystemCompiler.java:55)
	at org.codehaus.groovy.tools.FileSystemCompiler.doCompilation(FileSystemCompiler.java:210)
	at org.codehaus.groovy.ant.Groovyc.runCompiler(Groovyc.java:1078)
	at org.codehaus.groovy.ant.Groovyc.compile(Groovyc.java:1129)
	at org.codehaus.groovy.ant.Groovyc.execute(Groovyc.java:748)
	at org.apache.tools.ant.UnknownElement.execute(UnknownElement.java:291)
	at org.apache.tools.ant.dispatch.DispatchUtils.execute(DispatchUtils.java:106)
2013-11-12 16:53:31,482 [http-bio-8080-exec-1] ERROR StackTrace  - Full Stack Trace:
org.codehaus.groovy.control.MultipleCompilationErrorsException: startup failed:
/Users/admin/Sites/manager/grails-app/controllers/AuthController.groovy: 5: unable to resolve class org.apache.shiro.web.util.WebUtils
 @ line 5, column 1.
   import org.apache.shiro.web.util.WebUtils
   ^

/Users/admin/Sites/manager/grails-app/controllers/AuthController.groovy: 3: unable to resolve class org.apache.shiro.authc.UsernamePasswordToken
 @ line 3, column 1.
   import org.apache.shiro.authc.UsernamePasswordToken
   ^

/Users/admin/Sites/manager/grails-app/controllers/AuthController.groovy: 2: unable to resolve class org.apache.shiro.authc.AuthenticationException
 @ line 2, column 1.
   import org.apache.shiro.authc.AuthenticationException
   ^

/Users/admin/Sites/manager/grails-app/controllers/AuthController.groovy: 1: unable to resolve class org.apache.shiro.SecurityUtils
 @ line 1, column 1.
   import org.apache.shiro.SecurityUtils
   ^

/Users/admin/Sites/manager/grails-app/controllers/AuthController.groovy: 4: unable to resolve class org.apache.shiro.web.util.SavedRequest
 @ line 4, column 1.
   import org.apache.shiro.web.util.SavedRequest
   ^

5 errors

	at org.codehaus.groovy.control.ErrorCollector.failIfErrors(ErrorCollector.java:309)
	at org.codehaus.groovy.control.CompilationUnit.applyToSourceUnits(CompilationUnit.java:918)
	at org.codehaus.groovy.control.CompilationUnit.doPhaseOperation(CompilationUnit.java:566)
	at org.codehaus.groovy.control.CompilationUnit.compile(CompilationUnit.java:515)
	at org.codehaus.groovy.control.CompilationUnit.compile(CompilationUnit.java:498)
	at org.codehaus.groovy.tools.FileSystemCompiler.compile(FileSystemCompiler.java:55)
	at org.codehaus.groovy.tools.FileSystemCompiler.doCompilation(FileSystemCompiler.java:210)
	at org.codehaus.groovy.ant.Groovyc.runCompiler(Groovyc.java:1078)
	at org.codehaus.groovy.ant.Groovyc.compile(Groovyc.java:1129)
	at org.codehaus.groovy.ant.Groovyc.execute(Groovyc.java:748)
	at org.apache.tools.ant.UnknownElement.execute(UnknownElement.java:291)
	at org.apache.tools.ant.dispatch.DispatchUtils.execute(DispatchUtils.java:106)
2013-11-12 16:54:23,406 [http-bio-8080-exec-5] ERROR StackTrace  - Full Stack Trace:
org.codehaus.groovy.control.MultipleCompilationErrorsException: startup failed:
/Users/admin/Sites/manager/grails-app/controllers/AuthController.groovy: 5: unable to resolve class org.apache.shiro.web.util.WebUtils
 @ line 5, column 1.
   //import org.apache.shiro.web.util.WebUtils
   ^

/Users/admin/Sites/manager/grails-app/controllers/AuthController.groovy: 3: unable to resolve class org.apache.shiro.authc.UsernamePasswordToken
 @ line 3, column 1.
   import org.apache.shiro.authc.UsernamePasswordToken
   ^

/Users/admin/Sites/manager/grails-app/controllers/AuthController.groovy: 2: unable to resolve class org.apache.shiro.authc.AuthenticationException
 @ line 2, column 1.
   import org.apache.shiro.authc.AuthenticationException
   ^

/Users/admin/Sites/manager/grails-app/controllers/AuthController.groovy: 1: unable to resolve class org.apache.shiro.SecurityUtils
 @ line 1, column 1.
   import org.apache.shiro.SecurityUtils
   ^

/Users/admin/Sites/manager/grails-app/controllers/AuthController.groovy: 4: unable to resolve class org.apache.shiro.web.util.SavedRequest
 @ line 4, column 1.
   import org.apache.shiro.web.util.SavedRequest
   ^

5 errors

	at org.codehaus.groovy.control.ErrorCollector.failIfErrors(ErrorCollector.java:309)
	at org.codehaus.groovy.control.CompilationUnit.applyToSourceUnits(CompilationUnit.java:918)
	at org.codehaus.groovy.control.CompilationUnit.doPhaseOperation(CompilationUnit.java:566)
	at org.codehaus.groovy.control.CompilationUnit.compile(CompilationUnit.java:515)
	at org.codehaus.groovy.control.CompilationUnit.compile(CompilationUnit.java:498)
	at org.codehaus.groovy.tools.FileSystemCompiler.compile(FileSystemCompiler.java:55)
	at org.codehaus.groovy.tools.FileSystemCompiler.doCompilation(FileSystemCompiler.java:210)
	at org.codehaus.groovy.ant.Groovyc.runCompiler(Groovyc.java:1078)
	at org.codehaus.groovy.ant.Groovyc.compile(Groovyc.java:1129)
	at org.codehaus.groovy.grails.compiler.Grailsc.compile(Grailsc.java:79)
	at org.codehaus.groovy.ant.Groovyc.execute(Groovyc.java:748)
	at org.apache.tools.ant.UnknownElement.execute(UnknownElement.java:291)
	at sun.reflect.GeneratedMethodAccessor72.invoke(Unknown Source)
	at sun.reflect.DelegatingMethodAccessorImpl.invoke(DelegatingMethodAccessorImpl.java:25)
	at java.lang.reflect.Method.invoke(Method.java:597)
	at org.springsource.loaded.ri.ReflectiveInterceptor.jlrMethodInvoke(ReflectiveInterceptor.java:1265)
	at org.apache.tools.ant.dispatch.DispatchUtils.execute(DispatchUtils.java:106)
	at groovy.util.AntBuilder.performTask(AntBuilder.java:260)
	at groovy.util.AntBuilder.nodeCompleted(AntBuilder.java:220)
	at groovy.util.BuilderSupport.doInvokeMethod(BuilderSupport.java:147)
	at groovy.util.AntBuilder.doInvokeMethod(AntBuilder.java:170)
	at groovy.util.BuilderSupport.invokeMethod(BuilderSupport.java:64)
	at org.codehaus.gant.GantBuilder.invokeMethod(GantBuilder.java:99)
	at org.codehaus.groovy.runtime.callsite.PogoMetaClassSite.call(PogoMetaClassSite.java:45)
	at org.codehaus.groovy.runtime.callsite.AbstractCallSite.call(AbstractCallSite.java:120)
	at org.codehaus.groovy.grails.compiler.GrailsProjectCompiler.compile(GrailsProjectCompiler.groovy:268)
	at org.codehaus.groovy.grails.compiler.GrailsProjectCompiler$compile$0.callCurrent(Unknown Source)
	at org.codehaus.groovy.grails.compiler.GrailsProjectCompiler.compile(GrailsProjectCompiler.groovy:238)
	at org.codehaus.groovy.grails.compiler.GrailsProjectCompiler.compileAll(GrailsProjectCompiler.groovy:230)
	at org.codehaus.groovy.grails.compiler.GrailsProjectWatcher.compileIfSource(GrailsProjectWatcher.java:273)
	at org.codehaus.groovy.grails.compiler.GrailsProjectWatcher.access$300(GrailsProjectWatcher.java:46)
	at org.codehaus.groovy.grails.compiler.GrailsProjectWatcher$1.onNew(GrailsProjectWatcher.java:168)
	at org.codehaus.groovy.grails.compiler.DirectoryWatcher.cacheFilesForDirectory(DirectoryWatcher.java:211)
	at org.codehaus.groovy.grails.compiler.DirectoryWatcher.checkForNewFiles(DirectoryWatcher.java:188)
	at org.codehaus.groovy.grails.compiler.DirectoryWatcher.run(DirectoryWatcher.java:164)
	at org.codehaus.groovy.grails.compiler.GrailsProjectWatcher.run(GrailsProjectWatcher.java:178)
2013-11-12 16:54:23,406 [http-bio-8080-exec-5] ERROR StackTrace  - Full Stack Trace:
org.codehaus.groovy.control.MultipleCompilationErrorsException: startup failed:
/Users/admin/Sites/manager/grails-app/controllers/AuthController.groovy: 5: unable to resolve class org.apache.shiro.web.util.WebUtils
 @ line 5, column 1.
   //import org.apache.shiro.web.util.WebUtils
   ^

/Users/admin/Sites/manager/grails-app/controllers/AuthController.groovy: 3: unable to resolve class org.apache.shiro.authc.UsernamePasswordToken
 @ line 3, column 1.
   import org.apache.shiro.authc.UsernamePasswordToken
   ^

/Users/admin/Sites/manager/grails-app/controllers/AuthController.groovy: 2: unable to resolve class org.apache.shiro.authc.AuthenticationException
 @ line 2, column 1.
   import org.apache.shiro.authc.AuthenticationException
   ^

/Users/admin/Sites/manager/grails-app/controllers/AuthController.groovy: 1: unable to resolve class org.apache.shiro.SecurityUtils
 @ line 1, column 1.
   import org.apache.shiro.SecurityUtils
   ^

/Users/admin/Sites/manager/grails-app/controllers/AuthController.groovy: 4: unable to resolve class org.apache.shiro.web.util.SavedRequest
 @ line 4, column 1.
   import org.apache.shiro.web.util.SavedRequest
   ^

5 errors

	at org.codehaus.groovy.control.ErrorCollector.failIfErrors(ErrorCollector.java:309)
	at org.codehaus.groovy.control.CompilationUnit.applyToSourceUnits(CompilationUnit.java:918)
	at org.codehaus.groovy.control.CompilationUnit.doPhaseOperation(CompilationUnit.java:566)
	at org.codehaus.groovy.control.CompilationUnit.compile(CompilationUnit.java:515)
	at org.codehaus.groovy.control.CompilationUnit.compile(CompilationUnit.java:498)
	at org.codehaus.groovy.tools.FileSystemCompiler.compile(FileSystemCompiler.java:55)
	at org.codehaus.groovy.tools.FileSystemCompiler.doCompilation(FileSystemCompiler.java:210)
	at org.codehaus.groovy.ant.Groovyc.runCompiler(Groovyc.java:1078)
	at org.codehaus.groovy.ant.Groovyc.compile(Groovyc.java:1129)
	at org.codehaus.groovy.ant.Groovyc.execute(Groovyc.java:748)
	at org.apache.tools.ant.UnknownElement.execute(UnknownElement.java:291)
	at org.apache.tools.ant.dispatch.DispatchUtils.execute(DispatchUtils.java:106)
2013-11-12 16:54:23,410 [http-bio-8080-exec-5] ERROR StackTrace  - Full Stack Trace:
org.codehaus.groovy.control.MultipleCompilationErrorsException: startup failed:
/Users/admin/Sites/manager/grails-app/controllers/AuthController.groovy: 5: unable to resolve class org.apache.shiro.web.util.WebUtils
 @ line 5, column 1.
   //import org.apache.shiro.web.util.WebUtils
   ^

/Users/admin/Sites/manager/grails-app/controllers/AuthController.groovy: 3: unable to resolve class org.apache.shiro.authc.UsernamePasswordToken
 @ line 3, column 1.
   import org.apache.shiro.authc.UsernamePasswordToken
   ^

/Users/admin/Sites/manager/grails-app/controllers/AuthController.groovy: 2: unable to resolve class org.apache.shiro.authc.AuthenticationException
 @ line 2, column 1.
   import org.apache.shiro.authc.AuthenticationException
   ^

/Users/admin/Sites/manager/grails-app/controllers/AuthController.groovy: 1: unable to resolve class org.apache.shiro.SecurityUtils
 @ line 1, column 1.
   import org.apache.shiro.SecurityUtils
   ^

/Users/admin/Sites/manager/grails-app/controllers/AuthController.groovy: 4: unable to resolve class org.apache.shiro.web.util.SavedRequest
 @ line 4, column 1.
   import org.apache.shiro.web.util.SavedRequest
   ^

5 errors

	at org.codehaus.groovy.control.ErrorCollector.failIfErrors(ErrorCollector.java:309)
	at org.codehaus.groovy.control.CompilationUnit.applyToSourceUnits(CompilationUnit.java:918)
	at org.codehaus.groovy.control.CompilationUnit.doPhaseOperation(CompilationUnit.java:566)
	at org.codehaus.groovy.control.CompilationUnit.compile(CompilationUnit.java:515)
	at org.codehaus.groovy.control.CompilationUnit.compile(CompilationUnit.java:498)
	at org.codehaus.groovy.tools.FileSystemCompiler.compile(FileSystemCompiler.java:55)
	at org.codehaus.groovy.tools.FileSystemCompiler.doCompilation(FileSystemCompiler.java:210)
	at org.codehaus.groovy.ant.Groovyc.runCompiler(Groovyc.java:1078)
	at org.codehaus.groovy.ant.Groovyc.compile(Groovyc.java:1129)
	at org.codehaus.groovy.ant.Groovyc.execute(Groovyc.java:748)
	at org.apache.tools.ant.UnknownElement.execute(UnknownElement.java:291)
	at org.apache.tools.ant.dispatch.DispatchUtils.execute(DispatchUtils.java:106)
2013-11-12 16:54:23,410 [http-bio-8080-exec-5] ERROR StackTrace  - Full Stack Trace:
org.codehaus.groovy.control.MultipleCompilationErrorsException: startup failed:
/Users/admin/Sites/manager/grails-app/controllers/AuthController.groovy: 5: unable to resolve class org.apache.shiro.web.util.WebUtils
 @ line 5, column 1.
   //import org.apache.shiro.web.util.WebUtils
   ^

/Users/admin/Sites/manager/grails-app/controllers/AuthController.groovy: 3: unable to resolve class org.apache.shiro.authc.UsernamePasswordToken
 @ line 3, column 1.
   import org.apache.shiro.authc.UsernamePasswordToken
   ^

/Users/admin/Sites/manager/grails-app/controllers/AuthController.groovy: 2: unable to resolve class org.apache.shiro.authc.AuthenticationException
 @ line 2, column 1.
   import org.apache.shiro.authc.AuthenticationException
   ^

/Users/admin/Sites/manager/grails-app/controllers/AuthController.groovy: 1: unable to resolve class org.apache.shiro.SecurityUtils
 @ line 1, column 1.
   import org.apache.shiro.SecurityUtils
   ^

/Users/admin/Sites/manager/grails-app/controllers/AuthController.groovy: 4: unable to resolve class org.apache.shiro.web.util.SavedRequest
 @ line 4, column 1.
   import org.apache.shiro.web.util.SavedRequest
   ^

5 errors

	at org.codehaus.groovy.control.ErrorCollector.failIfErrors(ErrorCollector.java:309)
	at org.codehaus.groovy.control.CompilationUnit.applyToSourceUnits(CompilationUnit.java:918)
	at org.codehaus.groovy.control.CompilationUnit.doPhaseOperation(CompilationUnit.java:566)
	at org.codehaus.groovy.control.CompilationUnit.compile(CompilationUnit.java:515)
	at org.codehaus.groovy.control.CompilationUnit.compile(CompilationUnit.java:498)
	at org.codehaus.groovy.tools.FileSystemCompiler.compile(FileSystemCompiler.java:55)
	at org.codehaus.groovy.tools.FileSystemCompiler.doCompilation(FileSystemCompiler.java:210)
	at org.codehaus.groovy.ant.Groovyc.runCompiler(Groovyc.java:1078)
	at org.codehaus.groovy.ant.Groovyc.compile(Groovyc.java:1129)
	at org.codehaus.groovy.ant.Groovyc.execute(Groovyc.java:748)
	at org.apache.tools.ant.UnknownElement.execute(UnknownElement.java:291)
	at org.apache.tools.ant.dispatch.DispatchUtils.execute(DispatchUtils.java:106)
2013-11-12 16:54:35,487 [http-bio-8080-exec-8] ERROR StackTrace  - Full Stack Trace:
org.codehaus.groovy.control.MultipleCompilationErrorsException: startup failed:
/Users/admin/Sites/manager/grails-app/controllers/AuthController.groovy: 3: unable to resolve class org.apache.shiro.authc.UsernamePasswordToken
 @ line 3, column 1.
   import org.apache.shiro.authc.UsernamePasswordToken
   ^

/Users/admin/Sites/manager/grails-app/controllers/AuthController.groovy: 2: unable to resolve class org.apache.shiro.authc.AuthenticationException
 @ line 2, column 1.
   import org.apache.shiro.authc.AuthenticationException
   ^

/Users/admin/Sites/manager/grails-app/controllers/AuthController.groovy: 1: unable to resolve class org.apache.shiro.SecurityUtils
 @ line 1, column 1.
   import org.apache.shiro.SecurityUtils
   ^

/Users/admin/Sites/manager/grails-app/controllers/AuthController.groovy: 4: unable to resolve class org.apache.shiro.web.util.SavedRequest
 @ line 4, column 1.
   import org.apache.shiro.web.util.SavedRequest
   ^

4 errors

	at org.codehaus.groovy.control.ErrorCollector.failIfErrors(ErrorCollector.java:309)
	at org.codehaus.groovy.control.CompilationUnit.applyToSourceUnits(CompilationUnit.java:918)
	at org.codehaus.groovy.control.CompilationUnit.doPhaseOperation(CompilationUnit.java:566)
	at org.codehaus.groovy.control.CompilationUnit.compile(CompilationUnit.java:515)
	at org.codehaus.groovy.control.CompilationUnit.compile(CompilationUnit.java:498)
	at org.codehaus.groovy.tools.FileSystemCompiler.compile(FileSystemCompiler.java:55)
	at org.codehaus.groovy.tools.FileSystemCompiler.doCompilation(FileSystemCompiler.java:210)
	at org.codehaus.groovy.ant.Groovyc.runCompiler(Groovyc.java:1078)
	at org.codehaus.groovy.ant.Groovyc.compile(Groovyc.java:1129)
	at org.codehaus.groovy.grails.compiler.Grailsc.compile(Grailsc.java:79)
	at org.codehaus.groovy.ant.Groovyc.execute(Groovyc.java:748)
	at org.apache.tools.ant.UnknownElement.execute(UnknownElement.java:291)
	at sun.reflect.GeneratedMethodAccessor72.invoke(Unknown Source)
	at sun.reflect.DelegatingMethodAccessorImpl.invoke(DelegatingMethodAccessorImpl.java:25)
	at java.lang.reflect.Method.invoke(Method.java:597)
	at org.springsource.loaded.ri.ReflectiveInterceptor.jlrMethodInvoke(ReflectiveInterceptor.java:1265)
	at org.apache.tools.ant.dispatch.DispatchUtils.execute(DispatchUtils.java:106)
	at groovy.util.AntBuilder.performTask(AntBuilder.java:260)
	at groovy.util.AntBuilder.nodeCompleted(AntBuilder.java:220)
	at groovy.util.BuilderSupport.doInvokeMethod(BuilderSupport.java:147)
	at groovy.util.AntBuilder.doInvokeMethod(AntBuilder.java:170)
	at groovy.util.BuilderSupport.invokeMethod(BuilderSupport.java:64)
	at org.codehaus.gant.GantBuilder.invokeMethod(GantBuilder.java:99)
	at org.codehaus.groovy.runtime.callsite.PogoMetaClassSite.call(PogoMetaClassSite.java:45)
	at org.codehaus.groovy.runtime.callsite.AbstractCallSite.call(AbstractCallSite.java:120)
	at org.codehaus.groovy.grails.compiler.GrailsProjectCompiler.compile(GrailsProjectCompiler.groovy:268)
	at org.codehaus.groovy.grails.compiler.GrailsProjectCompiler$compile$0.callCurrent(Unknown Source)
	at org.codehaus.groovy.grails.compiler.GrailsProjectCompiler.compile(GrailsProjectCompiler.groovy:238)
	at org.codehaus.groovy.grails.compiler.GrailsProjectCompiler.compileAll(GrailsProjectCompiler.groovy:230)
	at org.codehaus.groovy.grails.compiler.GrailsProjectWatcher.compileIfSource(GrailsProjectWatcher.java:273)
	at org.codehaus.groovy.grails.compiler.GrailsProjectWatcher.access$300(GrailsProjectWatcher.java:46)
	at org.codehaus.groovy.grails.compiler.GrailsProjectWatcher$1.onChange(GrailsProjectWatcher.java:153)
	at org.codehaus.groovy.grails.compiler.DirectoryWatcher.fireOnChange(DirectoryWatcher.java:175)
	at org.codehaus.groovy.grails.compiler.DirectoryWatcher.run(DirectoryWatcher.java:157)
	at org.codehaus.groovy.grails.compiler.GrailsProjectWatcher.run(GrailsProjectWatcher.java:178)
2013-11-12 16:54:35,488 [http-bio-8080-exec-8] ERROR StackTrace  - Full Stack Trace:
org.codehaus.groovy.control.MultipleCompilationErrorsException: startup failed:
/Users/admin/Sites/manager/grails-app/controllers/AuthController.groovy: 3: unable to resolve class org.apache.shiro.authc.UsernamePasswordToken
 @ line 3, column 1.
   import org.apache.shiro.authc.UsernamePasswordToken
   ^

/Users/admin/Sites/manager/grails-app/controllers/AuthController.groovy: 2: unable to resolve class org.apache.shiro.authc.AuthenticationException
 @ line 2, column 1.
   import org.apache.shiro.authc.AuthenticationException
   ^

/Users/admin/Sites/manager/grails-app/controllers/AuthController.groovy: 1: unable to resolve class org.apache.shiro.SecurityUtils
 @ line 1, column 1.
   import org.apache.shiro.SecurityUtils
   ^

/Users/admin/Sites/manager/grails-app/controllers/AuthController.groovy: 4: unable to resolve class org.apache.shiro.web.util.SavedRequest
 @ line 4, column 1.
   import org.apache.shiro.web.util.SavedRequest
   ^

4 errors

	at org.codehaus.groovy.control.ErrorCollector.failIfErrors(ErrorCollector.java:309)
	at org.codehaus.groovy.control.CompilationUnit.applyToSourceUnits(CompilationUnit.java:918)
	at org.codehaus.groovy.control.CompilationUnit.doPhaseOperation(CompilationUnit.java:566)
	at org.codehaus.groovy.control.CompilationUnit.compile(CompilationUnit.java:515)
	at org.codehaus.groovy.control.CompilationUnit.compile(CompilationUnit.java:498)
	at org.codehaus.groovy.tools.FileSystemCompiler.compile(FileSystemCompiler.java:55)
	at org.codehaus.groovy.tools.FileSystemCompiler.doCompilation(FileSystemCompiler.java:210)
	at org.codehaus.groovy.ant.Groovyc.runCompiler(Groovyc.java:1078)
	at org.codehaus.groovy.ant.Groovyc.compile(Groovyc.java:1129)
	at org.codehaus.groovy.ant.Groovyc.execute(Groovyc.java:748)
	at org.apache.tools.ant.UnknownElement.execute(UnknownElement.java:291)
	at org.apache.tools.ant.dispatch.DispatchUtils.execute(DispatchUtils.java:106)
2013-11-12 16:54:35,492 [http-bio-8080-exec-8] ERROR StackTrace  - Full Stack Trace:
org.codehaus.groovy.control.MultipleCompilationErrorsException: startup failed:
/Users/admin/Sites/manager/grails-app/controllers/AuthController.groovy: 3: unable to resolve class org.apache.shiro.authc.UsernamePasswordToken
 @ line 3, column 1.
   import org.apache.shiro.authc.UsernamePasswordToken
   ^

/Users/admin/Sites/manager/grails-app/controllers/AuthController.groovy: 2: unable to resolve class org.apache.shiro.authc.AuthenticationException
 @ line 2, column 1.
   import org.apache.shiro.authc.AuthenticationException
   ^

/Users/admin/Sites/manager/grails-app/controllers/AuthController.groovy: 1: unable to resolve class org.apache.shiro.SecurityUtils
 @ line 1, column 1.
   import org.apache.shiro.SecurityUtils
   ^

/Users/admin/Sites/manager/grails-app/controllers/AuthController.groovy: 4: unable to resolve class org.apache.shiro.web.util.SavedRequest
 @ line 4, column 1.
   import org.apache.shiro.web.util.SavedRequest
   ^

4 errors

	at org.codehaus.groovy.control.ErrorCollector.failIfErrors(ErrorCollector.java:309)
	at org.codehaus.groovy.control.CompilationUnit.applyToSourceUnits(CompilationUnit.java:918)
	at org.codehaus.groovy.control.CompilationUnit.doPhaseOperation(CompilationUnit.java:566)
	at org.codehaus.groovy.control.CompilationUnit.compile(CompilationUnit.java:515)
	at org.codehaus.groovy.control.CompilationUnit.compile(CompilationUnit.java:498)
	at org.codehaus.groovy.tools.FileSystemCompiler.compile(FileSystemCompiler.java:55)
	at org.codehaus.groovy.tools.FileSystemCompiler.doCompilation(FileSystemCompiler.java:210)
	at org.codehaus.groovy.ant.Groovyc.runCompiler(Groovyc.java:1078)
	at org.codehaus.groovy.ant.Groovyc.compile(Groovyc.java:1129)
	at org.codehaus.groovy.ant.Groovyc.execute(Groovyc.java:748)
	at org.apache.tools.ant.UnknownElement.execute(UnknownElement.java:291)
	at org.apache.tools.ant.dispatch.DispatchUtils.execute(DispatchUtils.java:106)
2013-11-12 16:54:35,492 [http-bio-8080-exec-8] ERROR StackTrace  - Full Stack Trace:
org.codehaus.groovy.control.MultipleCompilationErrorsException: startup failed:
/Users/admin/Sites/manager/grails-app/controllers/AuthController.groovy: 3: unable to resolve class org.apache.shiro.authc.UsernamePasswordToken
 @ line 3, column 1.
   import org.apache.shiro.authc.UsernamePasswordToken
   ^

/Users/admin/Sites/manager/grails-app/controllers/AuthController.groovy: 2: unable to resolve class org.apache.shiro.authc.AuthenticationException
 @ line 2, column 1.
   import org.apache.shiro.authc.AuthenticationException
   ^

/Users/admin/Sites/manager/grails-app/controllers/AuthController.groovy: 1: unable to resolve class org.apache.shiro.SecurityUtils
 @ line 1, column 1.
   import org.apache.shiro.SecurityUtils
   ^

/Users/admin/Sites/manager/grails-app/controllers/AuthController.groovy: 4: unable to resolve class org.apache.shiro.web.util.SavedRequest
 @ line 4, column 1.
   import org.apache.shiro.web.util.SavedRequest
   ^

4 errors

	at org.codehaus.groovy.control.ErrorCollector.failIfErrors(ErrorCollector.java:309)
	at org.codehaus.groovy.control.CompilationUnit.applyToSourceUnits(CompilationUnit.java:918)
	at org.codehaus.groovy.control.CompilationUnit.doPhaseOperation(CompilationUnit.java:566)
	at org.codehaus.groovy.control.CompilationUnit.compile(CompilationUnit.java:515)
	at org.codehaus.groovy.control.CompilationUnit.compile(CompilationUnit.java:498)
	at org.codehaus.groovy.tools.FileSystemCompiler.compile(FileSystemCompiler.java:55)
	at org.codehaus.groovy.tools.FileSystemCompiler.doCompilation(FileSystemCompiler.java:210)
	at org.codehaus.groovy.ant.Groovyc.runCompiler(Groovyc.java:1078)
	at org.codehaus.groovy.ant.Groovyc.compile(Groovyc.java:1129)
	at org.codehaus.groovy.ant.Groovyc.execute(Groovyc.java:748)
	at org.apache.tools.ant.UnknownElement.execute(UnknownElement.java:291)
	at org.apache.tools.ant.dispatch.DispatchUtils.execute(DispatchUtils.java:106)
2013-11-12 16:55:36,281 [http-bio-8080-exec-4] ERROR StackTrace  - Full Stack Trace:
groovy.lang.MissingPropertyException: No such property: WebUtils for class: AuthController
	at org.codehaus.groovy.grails.plugins.web.api.ControllerTagLibraryApi.propertyMissing(ControllerTagLibraryApi.java:113)
	at AuthController.propertyMissing(AuthController.groovy)
	at sun.reflect.NativeMethodAccessorImpl.invoke0(Native Method)
	at sun.reflect.NativeMethodAccessorImpl.invoke(NativeMethodAccessorImpl.java:39)
	at sun.reflect.DelegatingMethodAccessorImpl.invoke(DelegatingMethodAccessorImpl.java:25)
	at java.lang.reflect.Method.invoke(Method.java:597)
	at org.springsource.loaded.ri.ReflectiveInterceptor.jlrMethodInvoke(ReflectiveInterceptor.java:1259)
	at org.codehaus.groovy.reflection.CachedMethod.invoke(CachedMethod.java:90)
	at groovy.lang.MetaClassImpl.invokeMissingProperty(MetaClassImpl.java:775)
	at groovy.lang.MetaClassImpl.getProperty(MetaClassImpl.java:1615)
	at groovy.lang.ExpandoMetaClass.getProperty(ExpandoMetaClass.java:1136)
	at groovy.lang.MetaClassImpl.getProperty(MetaClassImpl.java:3343)
	at groovy.lang.ExpandoMetaClass.getProperty(ExpandoMetaClass.java:1148)
	at AuthController.getProperty(AuthController.groovy)
	at org.codehaus.groovy.runtime.InvokerHelper.getProperty(InvokerHelper.java:169)
	at groovy.lang.Closure.getPropertyTryThese(Closure.java:322)
	at groovy.lang.Closure.getPropertyOwnerFirst(Closure.java:316)
	at groovy.lang.Closure.getProperty(Closure.java:305)
	at AuthController$_closure3.getProperty(AuthController.groovy)
	at org.codehaus.groovy.runtime.callsite.PogoGetPropertySite.getProperty(PogoGetPropertySite.java:47)
	at org.codehaus.groovy.runtime.callsite.AbstractCallSite.callGroovyObjectGetProperty(AbstractCallSite.java:231)
	at AuthController$_closure3.doCall(AuthController.groovy:28)
	at AuthController$_closure3.doCall(AuthController.groovy)
	at sun.reflect.NativeMethodAccessorImpl.invoke0(Native Method)
	at sun.reflect.NativeMethodAccessorImpl.invoke(NativeMethodAccessorImpl.java:39)
	at sun.reflect.DelegatingMethodAccessorImpl.invoke(DelegatingMethodAccessorImpl.java:25)
	at java.lang.reflect.Method.invoke(Method.java:597)
	at org.springsource.loaded.ri.ReflectiveInterceptor.jlrMethodInvoke(ReflectiveInterceptor.java:1259)
	at org.codehaus.groovy.runtime.callsite.PogoMetaMethodSite$PogoCachedMethodSiteNoUnwrapNoCoerce.invoke(PogoMetaMethodSite.java:272)
	at org.codehaus.groovy.runtime.callsite.PogoMetaMethodSite.call(PogoMetaMethodSite.java:64)
	at org.codehaus.groovy.runtime.callsite.CallSiteArray.defaultCall(CallSiteArray.java:45)
	at org.codehaus.groovy.runtime.callsite.AbstractCallSite.call(AbstractCallSite.java:108)
	at org.codehaus.groovy.runtime.callsite.AbstractCallSite.call(AbstractCallSite.java:112)
	at AuthController.signIn(AuthController.groovy)
	at sun.reflect.NativeMethodAccessorImpl.invoke0(Native Method)
	at sun.reflect.NativeMethodAccessorImpl.invoke(NativeMethodAccessorImpl.java:39)
	at sun.reflect.DelegatingMethodAccessorImpl.invoke(DelegatingMethodAccessorImpl.java:25)
	at java.lang.reflect.Method.invoke(Method.java:597)
	at org.springsource.loaded.ri.ReflectiveInterceptor.jlrMethodInvoke(ReflectiveInterceptor.java:1259)
	at org.codehaus.groovy.grails.web.servlet.mvc.MixedGrailsControllerHelper.invoke(MixedGrailsControllerHelper.java:69)
	at grails.plugin.cache.web.ProxyAwareMixedGrailsControllerHelper.invoke(ProxyAwareMixedGrailsControllerHelper.java)
	at org.codehaus.groovy.grails.web.servlet.mvc.AbstractGrailsControllerHelper.handleAction(AbstractGrailsControllerHelper.java:348)
	at grails.plugin.cache.web.ProxyAwareMixedGrailsControllerHelper.handleAction(ProxyAwareMixedGrailsControllerHelper.java)
	at org.codehaus.groovy.grails.web.servlet.mvc.AbstractGrailsControllerHelper.executeAction(AbstractGrailsControllerHelper.java:231)
	at grails.plugin.cache.web.ProxyAwareMixedGrailsControllerHelper.executeAction(ProxyAwareMixedGrailsControllerHelper.java)
	at org.codehaus.groovy.grails.web.servlet.mvc.AbstractGrailsControllerHelper.handleURI(AbstractGrailsControllerHelper.java:197)
	at grails.plugin.cache.web.ProxyAwareMixedGrailsControllerHelper.handleURI(ProxyAwareMixedGrailsControllerHelper.java)
	at org.codehaus.groovy.grails.web.servlet.mvc.AbstractGrailsControllerHelper.handleURI(AbstractGrailsControllerHelper.java:118)
	at grails.plugin.cache.web.ProxyAwareMixedGrailsControllerHelper.handleURI(ProxyAwareMixedGrailsControllerHelper.java)
	at org.codehaus.groovy.grails.web.servlet.mvc.SimpleGrailsController.handleRequest(SimpleGrailsController.java:72)
	at org.springframework.web.servlet.mvc.SimpleControllerHandlerAdapter.handle(SimpleControllerHandlerAdapter.java:48)
	at org.codehaus.groovy.grails.web.servlet.GrailsDispatcherServlet.doDispatch(GrailsDispatcherServlet.java:328)
	at org.springframework.web.servlet.DispatcherServlet.doService(DispatcherServlet.java:852)
	at org.springframework.web.servlet.FrameworkServlet.processRequest(FrameworkServlet.java:882)
	at org.springframework.web.servlet.FrameworkServlet.doPost(FrameworkServlet.java:789)
	at javax.servlet.http.HttpServlet.service(HttpServlet.java:647)
	at javax.servlet.http.HttpServlet.service(HttpServlet.java:728)
	at org.apache.catalina.core.ApplicationFilterChain.internalDoFilter(ApplicationFilterChain.java:305)
	at org.apache.catalina.core.ApplicationFilterChain.doFilter(ApplicationFilterChain.java:210)
	at grails.plugin.cache.web.filter.PageFragmentCachingFilter.doFilter(PageFragmentCachingFilter.java:195)
	at grails.plugin.cache.web.filter.simple.MemoryPageFragmentCachingFilter.doFilter(MemoryPageFragmentCachingFilter.java)
	at grails.plugin.cache.web.filter.AbstractFilter.doFilter(AbstractFilter.java:63)
	at org.springframework.web.filter.DelegatingFilterProxy.invokeDelegate(DelegatingFilterProxy.java:346)
	at org.springframework.web.filter.DelegatingFilterProxy.doFilter(DelegatingFilterProxy.java:259)
	at org.apache.catalina.core.ApplicationFilterChain.internalDoFilter(ApplicationFilterChain.java:243)
	at org.apache.catalina.core.ApplicationFilterChain.doFilter(ApplicationFilterChain.java:210)
	at org.springframework.web.filter.OncePerRequestFilter.doFilter(OncePerRequestFilter.java:70)
	at org.apache.catalina.core.ApplicationFilterChain.internalDoFilter(ApplicationFilterChain.java:243)
	at org.apache.catalina.core.ApplicationFilterChain.doFilter(ApplicationFilterChain.java:210)
	at org.springframework.web.filter.OncePerRequestFilter.doFilter(OncePerRequestFilter.java:70)
	at org.apache.catalina.core.ApplicationFilterChain.internalDoFilter(ApplicationFilterChain.java:243)
	at org.apache.catalina.core.ApplicationFilterChain.doFilter(ApplicationFilterChain.java:210)
	at org.springframework.web.filter.OncePerRequestFilter.doFilter(OncePerRequestFilter.java:70)
	at org.apache.catalina.core.ApplicationFilterChain.internalDoFilter(ApplicationFilterChain.java:243)
	at org.apache.catalina.core.ApplicationFilterChain.doFilter(ApplicationFilterChain.java:210)
	at org.apache.catalina.core.ApplicationDispatcher.invoke(ApplicationDispatcher.java:749)
	at org.apache.catalina.core.ApplicationDispatcher.processRequest(ApplicationDispatcher.java:487)
	at org.apache.catalina.core.ApplicationDispatcher.doForward(ApplicationDispatcher.java:412)
	at org.apache.catalina.core.ApplicationDispatcher.forward(ApplicationDispatcher.java:339)
	at org.codehaus.groovy.grails.web.util.WebUtils.forwardRequestForUrlMappingInfo(WebUtils.java:314)
	at org.codehaus.groovy.grails.web.util.WebUtils.forwardRequestForUrlMappingInfo(WebUtils.java:279)
	at org.codehaus.groovy.grails.web.util.WebUtils.forwardRequestForUrlMappingInfo(WebUtils.java:270)
	at org.codehaus.groovy.grails.web.mapping.filter.UrlMappingsFilter.doFilterInternal(UrlMappingsFilter.java:222)
	at org.springframework.web.filter.OncePerRequestFilter.doFilter(OncePerRequestFilter.java:76)
	at org.apache.catalina.core.ApplicationFilterChain.internalDoFilter(ApplicationFilterChain.java:243)
	at org.apache.catalina.core.ApplicationFilterChain.doFilter(ApplicationFilterChain.java:210)
	at org.codehaus.groovy.grails.web.sitemesh.GrailsPageFilter.obtainContent(GrailsPageFilter.java:206)
	at org.codehaus.groovy.grails.web.sitemesh.GrailsPageFilter.doFilter(GrailsPageFilter.java:152)
	at org.apache.catalina.core.ApplicationFilterChain.internalDoFilter(ApplicationFilterChain.java:243)
	at org.apache.catalina.core.ApplicationFilterChain.doFilter(ApplicationFilterChain.java:210)
	at javax.servlet.FilterChain$doFilter.call(Unknown Source)
	at org.grails.plugin.resource.DevModeSanityFilter.doFilter(DevModeSanityFilter.groovy:44)
	at org.apache.catalina.core.ApplicationFilterChain.internalDoFilter(ApplicationFilterChain.java:243)
	at org.apache.catalina.core.ApplicationFilterChain.doFilter(ApplicationFilterChain.java:210)
	at org.codehaus.groovy.grails.web.servlet.mvc.GrailsWebRequestFilter.doFilterInternal(GrailsWebRequestFilter.java:69)
	at org.springframework.web.filter.OncePerRequestFilter.doFilter(OncePerRequestFilter.java:76)
	at org.apache.catalina.core.ApplicationFilterChain.internalDoFilter(ApplicationFilterChain.java:243)
	at org.apache.catalina.core.ApplicationFilterChain.doFilter(ApplicationFilterChain.java:210)
	at org.codehaus.groovy.grails.web.filters.HiddenHttpMethodFilter.doFilterInternal(HiddenHttpMethodFilter.java:66)
	at org.springframework.web.filter.OncePerRequestFilter.doFilter(OncePerRequestFilter.java:76)
	at org.apache.catalina.core.ApplicationFilterChain.internalDoFilter(ApplicationFilterChain.java:243)
	at org.apache.catalina.core.ApplicationFilterChain.doFilter(ApplicationFilterChain.java:210)
	at org.apache.shiro.web.servlet.AbstractShiroFilter.executeChain(AbstractShiroFilter.java:449)
	at org.apache.shiro.web.servlet.AbstractShiroFilter$1.call(AbstractShiroFilter.java:365)
	at org.apache.shiro.subject.support.SubjectCallable.doCall(SubjectCallable.java:90)
	at org.apache.shiro.subject.support.SubjectCallable.call(SubjectCallable.java:83)
	at org.apache.shiro.subject.support.DelegatingSubject.execute(DelegatingSubject.java:383)
	at org.apache.shiro.web.servlet.AbstractShiroFilter.doFilterInternal(AbstractShiroFilter.java:362)
	at org.apache.shiro.web.servlet.OncePerRequestFilter.doFilter(OncePerRequestFilter.java:125)
	at org.springframework.web.filter.DelegatingFilterProxy.invokeDelegate(DelegatingFilterProxy.java:346)
	at org.springframework.web.filter.DelegatingFilterProxy.doFilter(DelegatingFilterProxy.java:259)
	at org.apache.catalina.core.ApplicationFilterChain.internalDoFilter(ApplicationFilterChain.java:243)
	at org.apache.catalina.core.ApplicationFilterChain.doFilter(ApplicationFilterChain.java:210)
	at org.springframework.web.filter.CharacterEncodingFilter.doFilterInternal(CharacterEncodingFilter.java:88)
	at org.springframework.web.filter.OncePerRequestFilter.doFilter(OncePerRequestFilter.java:76)
	at org.springframework.web.filter.DelegatingFilterProxy.invokeDelegate(DelegatingFilterProxy.java:346)
	at org.springframework.web.filter.DelegatingFilterProxy.doFilter(DelegatingFilterProxy.java:259)
	at org.apache.catalina.core.ApplicationFilterChain.internalDoFilter(ApplicationFilterChain.java:243)
	at org.apache.catalina.core.ApplicationFilterChain.doFilter(ApplicationFilterChain.java:210)
	at org.apache.catalina.core.StandardWrapperValve.invoke(StandardWrapperValve.java:222)
	at org.apache.catalina.core.StandardContextValve.invoke(StandardContextValve.java:123)
	at org.apache.catalina.core.StandardHostValve.invoke(StandardHostValve.java:171)
	at org.apache.catalina.valves.ErrorReportValve.invoke(ErrorReportValve.java:99)
	at org.apache.catalina.core.StandardEngineValve.invoke(StandardEngineValve.java:118)
	at org.apache.catalina.connector.CoyoteAdapter.service(CoyoteAdapter.java:408)
	at org.apache.coyote.http11.AbstractHttp11Processor.process(AbstractHttp11Processor.java:1023)
	at org.apache.coyote.AbstractProtocol$AbstractConnectionHandler.process(AbstractProtocol.java:589)
	at org.apache.tomcat.util.net.JIoEndpoint$SocketProcessor.run(JIoEndpoint.java:312)
	at java.util.concurrent.ThreadPoolExecutor$Worker.runTask(ThreadPoolExecutor.java:895)
	at java.util.concurrent.ThreadPoolExecutor$Worker.run(ThreadPoolExecutor.java:918)
	at java.lang.Thread.run(Thread.java:695)
2013-11-12 16:55:36,289 [http-bio-8080-exec-4] ERROR StackTrace  - Full Stack Trace:
groovy.lang.MissingPropertyException: No such property: WebUtils for class: AuthController
	at AuthController$_closure3.doCall(AuthController.groovy:28)
	at grails.plugin.cache.web.filter.PageFragmentCachingFilter.doFilter(PageFragmentCachingFilter.java:195)
	at grails.plugin.cache.web.filter.AbstractFilter.doFilter(AbstractFilter.java:63)
	at org.apache.shiro.web.servlet.AbstractShiroFilter.executeChain(AbstractShiroFilter.java:449)
	at org.apache.shiro.web.servlet.AbstractShiroFilter$1.call(AbstractShiroFilter.java:365)
	at org.apache.shiro.subject.support.SubjectCallable.doCall(SubjectCallable.java:90)
	at org.apache.shiro.subject.support.SubjectCallable.call(SubjectCallable.java:83)
	at org.apache.shiro.subject.support.DelegatingSubject.execute(DelegatingSubject.java:383)
	at org.apache.shiro.web.servlet.AbstractShiroFilter.doFilterInternal(AbstractShiroFilter.java:362)
	at org.apache.shiro.web.servlet.OncePerRequestFilter.doFilter(OncePerRequestFilter.java:125)
	at java.util.concurrent.ThreadPoolExecutor$Worker.runTask(ThreadPoolExecutor.java:895)
	at java.util.concurrent.ThreadPoolExecutor$Worker.run(ThreadPoolExecutor.java:918)
	at java.lang.Thread.run(Thread.java:695)
2013-11-12 16:55:36,318 [http-bio-8080-exec-4] ERROR StackTrace  - Full Stack Trace:
groovy.lang.MissingPropertyException: No such property: WebUtils for class: AuthController
	at AuthController$_closure3.doCall(AuthController.groovy:28)
	at grails.plugin.cache.web.filter.PageFragmentCachingFilter.doFilter(PageFragmentCachingFilter.java:195)
	at grails.plugin.cache.web.filter.AbstractFilter.doFilter(AbstractFilter.java:63)
	at org.apache.shiro.web.servlet.AbstractShiroFilter.executeChain(AbstractShiroFilter.java:449)
	at org.apache.shiro.web.servlet.AbstractShiroFilter$1.call(AbstractShiroFilter.java:365)
	at org.apache.shiro.subject.support.SubjectCallable.doCall(SubjectCallable.java:90)
	at org.apache.shiro.subject.support.SubjectCallable.call(SubjectCallable.java:83)
	at org.apache.shiro.subject.support.DelegatingSubject.execute(DelegatingSubject.java:383)
	at org.apache.shiro.web.servlet.AbstractShiroFilter.doFilterInternal(AbstractShiroFilter.java:362)
	at org.apache.shiro.web.servlet.OncePerRequestFilter.doFilter(OncePerRequestFilter.java:125)
	at java.util.concurrent.ThreadPoolExecutor$Worker.runTask(ThreadPoolExecutor.java:895)
	at java.util.concurrent.ThreadPoolExecutor$Worker.run(ThreadPoolExecutor.java:918)
	at java.lang.Thread.run(Thread.java:695)
2013-11-12 16:55:36,320 [http-bio-8080-exec-4] ERROR StackTrace  - Full Stack Trace:
groovy.lang.MissingPropertyException: No such property: WebUtils for class: AuthController
	at AuthController$_closure3.doCall(AuthController.groovy:28)
	at grails.plugin.cache.web.filter.PageFragmentCachingFilter.doFilter(PageFragmentCachingFilter.java:195)
	at grails.plugin.cache.web.filter.AbstractFilter.doFilter(AbstractFilter.java:63)
	at org.apache.shiro.web.servlet.AbstractShiroFilter.executeChain(AbstractShiroFilter.java:449)
	at org.apache.shiro.web.servlet.AbstractShiroFilter$1.call(AbstractShiroFilter.java:365)
	at org.apache.shiro.subject.support.SubjectCallable.doCall(SubjectCallable.java:90)
	at org.apache.shiro.subject.support.SubjectCallable.call(SubjectCallable.java:83)
	at org.apache.shiro.subject.support.DelegatingSubject.execute(DelegatingSubject.java:383)
	at org.apache.shiro.web.servlet.AbstractShiroFilter.doFilterInternal(AbstractShiroFilter.java:362)
	at org.apache.shiro.web.servlet.OncePerRequestFilter.doFilter(OncePerRequestFilter.java:125)
	at java.util.concurrent.ThreadPoolExecutor$Worker.runTask(ThreadPoolExecutor.java:895)
	at java.util.concurrent.ThreadPoolExecutor$Worker.run(ThreadPoolExecutor.java:918)
	at java.lang.Thread.run(Thread.java:695)
2013-11-12 16:55:36,324 [http-bio-8080-exec-4] ERROR StackTrace  - Full Stack Trace:
groovy.lang.MissingPropertyException: No such property: WebUtils for class: AuthController
	at AuthController$_closure3.doCall(AuthController.groovy:28)
	at grails.plugin.cache.web.filter.PageFragmentCachingFilter.doFilter(PageFragmentCachingFilter.java:195)
	at grails.plugin.cache.web.filter.AbstractFilter.doFilter(AbstractFilter.java:63)
	at org.apache.shiro.web.servlet.AbstractShiroFilter.executeChain(AbstractShiroFilter.java:449)
	at org.apache.shiro.web.servlet.AbstractShiroFilter$1.call(AbstractShiroFilter.java:365)
	at org.apache.shiro.subject.support.SubjectCallable.doCall(SubjectCallable.java:90)
	at org.apache.shiro.subject.support.SubjectCallable.call(SubjectCallable.java:83)
	at org.apache.shiro.subject.support.DelegatingSubject.execute(DelegatingSubject.java:383)
	at org.apache.shiro.web.servlet.AbstractShiroFilter.doFilterInternal(AbstractShiroFilter.java:362)
	at org.apache.shiro.web.servlet.OncePerRequestFilter.doFilter(OncePerRequestFilter.java:125)
	at java.util.concurrent.ThreadPoolExecutor$Worker.runTask(ThreadPoolExecutor.java:895)
	at java.util.concurrent.ThreadPoolExecutor$Worker.run(ThreadPoolExecutor.java:918)
	at java.lang.Thread.run(Thread.java:695)
2013-11-12 16:55:36,326 [http-bio-8080-exec-4] ERROR StackTrace  - Full Stack Trace:
groovy.lang.MissingPropertyException: No such property: WebUtils for class: AuthController
	at AuthController$_closure3.doCall(AuthController.groovy:28)
	at grails.plugin.cache.web.filter.PageFragmentCachingFilter.doFilter(PageFragmentCachingFilter.java:195)
	at grails.plugin.cache.web.filter.AbstractFilter.doFilter(AbstractFilter.java:63)
	at org.apache.shiro.web.servlet.AbstractShiroFilter.executeChain(AbstractShiroFilter.java:449)
	at org.apache.shiro.web.servlet.AbstractShiroFilter$1.call(AbstractShiroFilter.java:365)
	at org.apache.shiro.subject.support.SubjectCallable.doCall(SubjectCallable.java:90)
	at org.apache.shiro.subject.support.SubjectCallable.call(SubjectCallable.java:83)
	at org.apache.shiro.subject.support.DelegatingSubject.execute(DelegatingSubject.java:383)
	at org.apache.shiro.web.servlet.AbstractShiroFilter.doFilterInternal(AbstractShiroFilter.java:362)
	at org.apache.shiro.web.servlet.OncePerRequestFilter.doFilter(OncePerRequestFilter.java:125)
	at java.util.concurrent.ThreadPoolExecutor$Worker.runTask(ThreadPoolExecutor.java:895)
	at java.util.concurrent.ThreadPoolExecutor$Worker.run(ThreadPoolExecutor.java:918)
	at java.lang.Thread.run(Thread.java:695)
